# JRE version: Java(TM) SE Runtime Environment (8.0_251-b08) (build 1.8.0_251-b08)
# Java VM: Java HotSpot(TM) 64-Bit Server VM (25.251-b08 mixed mode windows-amd64 compressed oops)
Heap:
 def new generation   total 19648K, used 12771K [0x00000000c0200000, 0x00000000c1750000, 0x00000000d56a0000)
  eden space 17472K,  60% used [0x00000000c0200000, 0x00000000c0c5c398, 0x00000000c1310000)
  from space 2176K,  99% used [0x00000000c1530000, 0x00000000c174cbe0, 0x00000000c1750000)
  to   space 2176K,   0% used [0x00000000c1310000, 0x00000000c1310000, 0x00000000c1530000)
 tenured generation   total 43712K, used 6773K [0x00000000d56a0000, 0x00000000d8150000, 0x0000000100000000)
   the space 43712K,  15% used [0x00000000d56a0000, 0x00000000d5d3d7d0, 0x00000000d5d3d800, 0x00000000d8150000)
 Metaspace       used 20233K, capacity 21176K, committed 21248K, reserved 1067008K
  class space    used 2560K, capacity 2760K, committed 2816K, reserved 1048576K
GC Heap History (10 events):
Event: 3.097 GC heap after
Heap after GC invocations=7 (full 0):
 def new generation   total 19648K, used 1400K [0x00000000c0200000, 0x00000000c1750000, 0x00000000d56a0000)
  eden space 17472K,   0% used [0x00000000c0200000, 0x00000000c0200000, 0x00000000c1310000)
  from space 2176K,  64% used [0x00000000c1530000, 0x00000000c168e2d0, 0x00000000c1750000)
  to   space 2176K,   0% used [0x00000000c1310000, 0x00000000c1310000, 0x00000000c1530000)
 tenured generation   total 43712K, used 3927K [0x00000000d56a0000, 0x00000000d8150000, 0x0000000100000000)
   the space 43712K,   8% used [0x00000000d56a0000, 0x00000000d5a75fb8, 0x00000000d5a76000, 0x00000000d8150000)
 Metaspace       used 15367K, capacity 15934K, committed 16256K, reserved 1062912K
  class space    used 1919K, capacity 2063K, committed 2176K, reserved 1048576K
}
Event: 4.014 GC heap before
{Heap before GC invocations=7 (full 0):
 def new generation   total 19648K, used 18872K [0x00000000c0200000, 0x00000000c1750000, 0x00000000d56a0000)
  eden space 17472K, 100% used [0x00000000c0200000, 0x00000000c1310000, 0x00000000c1310000)
  from space 2176K,  64% used [0x00000000c1530000, 0x00000000c168e2d0, 0x00000000c1750000)
  to   space 2176K,   0% used [0x00000000c1310000, 0x00000000c1310000, 0x00000000c1530000)
 tenured generation   total 43712K, used 3927K [0x00000000d56a0000, 0x00000000d8150000, 0x0000000100000000)
   the space 43712K,   8% used [0x00000000d56a0000, 0x00000000d5a75fb8, 0x00000000d5a76000, 0x00000000d8150000)
 Metaspace       used 16137K, capacity 16786K, committed 17024K, reserved 1064960K
  class space    used 1995K, capacity 2139K, committed 2176K, reserved 1048576K
Event: 4.021 GC heap after
Heap after GC invocations=8 (full 0):
 def new generation   total 19648K, used 1630K [0x00000000c0200000, 0x00000000c1750000, 0x00000000d56a0000)
  eden space 17472K,   0% used [0x00000000c0200000, 0x00000000c0200000, 0x00000000c1310000)
  from space 2176K,  74% used [0x00000000c1310000, 0x00000000c14a79e8, 0x00000000c1530000)
  to   space 2176K,   0% used [0x00000000c1530000, 0x00000000c1530000, 0x00000000c1750000)
 tenured generation   total 43712K, used 4664K [0x00000000d56a0000, 0x00000000d8150000, 0x0000000100000000)
   the space 43712K,  10% used [0x00000000d56a0000, 0x00000000d5b2e178, 0x00000000d5b2e200, 0x00000000d8150000)
 Metaspace       used 16137K, capacity 16786K, committed 17024K, reserved 1064960K
  class space    used 1995K, capacity 2139K, committed 2176K, reserved 1048576K
}
Event: 4.612 GC heap before
{Heap before GC invocations=8 (full 0):
 def new generation   total 19648K, used 19102K [0x00000000c0200000, 0x00000000c1750000, 0x00000000d56a0000)
  eden space 17472K, 100% used [0x00000000c0200000, 0x00000000c1310000, 0x00000000c1310000)
  from space 2176K,  74% used [0x00000000c1310000, 0x00000000c14a79e8, 0x00000000c1530000)
  to   space 2176K,   0% used [0x00000000c1530000, 0x00000000c1530000, 0x00000000c1750000)
 tenured generation   total 43712K, used 4664K [0x00000000d56a0000, 0x00000000d8150000, 0x0000000100000000)
   the space 43712K,  10% used [0x00000000d56a0000, 0x00000000d5b2e178, 0x00000000d5b2e200, 0x00000000d8150000)
 Metaspace       used 16492K, capacity 17162K, committed 17408K, reserved 1064960K
  class space    used 2041K, capacity 2219K, committed 2304K, reserved 1048576K
Event: 4.619 GC heap after
Heap after GC invocations=9 (full 0):
 def new generation   total 19648K, used 2176K [0x00000000c0200000, 0x00000000c1750000, 0x00000000d56a0000)
  eden space 17472K,   0% used [0x00000000c0200000, 0x00000000c0200000, 0x00000000c1310000)
  from space 2176K, 100% used [0x00000000c1530000, 0x00000000c1750000, 0x00000000c1750000)
  to   space 2176K,   0% used [0x00000000c1310000, 0x00000000c1310000, 0x00000000c1530000)
 tenured generation   total 43712K, used 5468K [0x00000000d56a0000, 0x00000000d8150000, 0x0000000100000000)
   the space 43712K,  12% used [0x00000000d56a0000, 0x00000000d5bf72f0, 0x00000000d5bf7400, 0x00000000d8150000)
 Metaspace       used 16492K, capacity 17162K, committed 17408K, reserved 1064960K
  class space    used 2041K, capacity 2219K, committed 2304K, reserved 1048576K
}
Event: 5.262 GC heap before
{Heap before GC invocations=9 (full 0):
 def new generation   total 19648K, used 19648K [0x00000000c0200000, 0x00000000c1750000, 0x00000000d56a0000)
  eden space 17472K, 100% used [0x00000000c0200000, 0x00000000c1310000, 0x00000000c1310000)
  from space 2176K, 100% used [0x00000000c1530000, 0x00000000c1750000, 0x00000000c1750000)
  to   space 2176K,   0% used [0x00000000c1310000, 0x00000000c1310000, 0x00000000c1530000)
 tenured generation   total 43712K, used 5468K [0x00000000d56a0000, 0x00000000d8150000, 0x0000000100000000)
   the space 43712K,  12% used [0x00000000d56a0000, 0x00000000d5bf72f0, 0x00000000d5bf7400, 0x00000000d8150000)
 Metaspace       used 17758K, capacity 18568K, committed 18816K, reserved 1064960K
  class space    used 2209K, capacity 2404K, committed 2432K, reserved 1048576K
Event: 5.269 GC heap after
Heap after GC invocations=10 (full 0):
 def new generation   total 19648K, used 1879K [0x00000000c0200000, 0x00000000c1750000, 0x00000000d56a0000)
  eden space 17472K,   0% used [0x00000000c0200000, 0x00000000c0200000, 0x00000000c1310000)
  from space 2176K,  86% used [0x00000000c1310000, 0x00000000c14e5c38, 0x00000000c1530000)
  to   space 2176K,   0% used [0x00000000c1530000, 0x00000000c1530000, 0x00000000c1750000)
 tenured generation   total 43712K, used 6174K [0x00000000d56a0000, 0x00000000d8150000, 0x0000000100000000)
   the space 43712K,  14% used [0x00000000d56a0000, 0x00000000d5ca78a0, 0x00000000d5ca7a00, 0x00000000d8150000)
 Metaspace       used 17758K, capacity 18568K, committed 18816K, reserved 1064960K
  class space    used 2209K, capacity 2404K, committed 2432K, reserved 1048576K
}
Event: 6.586 GC heap before
{Heap before GC invocations=10 (full 0):
 def new generation   total 19648K, used 19351K [0x00000000c0200000, 0x00000000c1750000, 0x00000000d56a0000)
  eden space 17472K, 100% used [0x00000000c0200000, 0x00000000c1310000, 0x00000000c1310000)
  from space 2176K,  86% used [0x00000000c1310000, 0x00000000c14e5c38, 0x00000000c1530000)
  to   space 2176K,   0% used [0x00000000c1530000, 0x00000000c1530000, 0x00000000c1750000)
 tenured generation   total 43712K, used 6174K [0x00000000d56a0000, 0x00000000d8150000, 0x0000000100000000)
   the space 43712K,  14% used [0x00000000d56a0000, 0x00000000d5ca78a0, 0x00000000d5ca7a00, 0x00000000d8150000)
 Metaspace       used 19303K, capacity 20280K, committed 20352K, reserved 1067008K
  class space    used 2436K, capacity 2632K, committed 2688K, reserved 1048576K
Event: 6.594 GC heap after
Heap after GC invocations=11 (full 0):
 def new generation   total 19648K, used 2162K [0x00000000c0200000, 0x00000000c1750000, 0x00000000d56a0000)
  eden space 17472K,   0% used [0x00000000c0200000, 0x00000000c0200000, 0x00000000c1310000)
  from space 2176K,  99% used [0x00000000c1530000, 0x00000000c174cbe0, 0x00000000c1750000)
  to   space 2176K,   0% used [0x00000000c1310000, 0x00000000c1310000, 0x00000000c1530000)
 tenured generation   total 43712K, used 6773K [0x00000000d56a0000, 0x00000000d8150000, 0x0000000100000000)
   the space 43712K,  15% used [0x00000000d56a0000, 0x00000000d5d3d7d0, 0x00000000d5d3d800, 0x00000000d8150000)
 Metaspace       used 19303K, capacity 20280K, committed 20352K, reserved 1067008K
  class space    used 2436K, capacity 2632K, committed 2688K, reserved 1048576K
}
Event: 6.915 GC heap before
{Heap before GC invocations=11 (full 0):
 def new generation   total 19648K, used 12771K [0x00000000c0200000, 0x00000000c1750000, 0x00000000d56a0000)
  eden space 17472K,  60% used [0x00000000c0200000, 0x00000000c0c5c398, 0x00000000c1310000)
  from space 2176K,  99% used [0x00000000c1530000, 0x00000000c174cbe0, 0x00000000c1750000)
  to   space 2176K,   0% used [0x00000000c1310000, 0x00000000c1310000, 0x00000000c1530000)
 tenured generation   total 43712K, used 6773K [0x00000000d56a0000, 0x00000000d8150000, 0x0000000100000000)
   the space 43712K,  15% used [0x00000000d56a0000, 0x00000000d5d3d7d0, 0x00000000d5d3d800, 0x00000000d8150000)
 Metaspace       used 20233K, capacity 21176K, committed 21248K, reserved 1067008K
  class space    used 2560K, capacity 2760K, committed 2816K, reserved 1048576K

